This is pdfTeX, Version 3.14159265-2.6-1.40.20 (TeX Live 2019/Debian) (preloaded format=pdflatex 2021.6.8)  7 JUL 2022 10:16
entering extended mode
 restricted \write18 enabled.
 %&-line parsing enabled.
**main.tex
(./main.tex
LaTeX2e <2020-02-02> patch level 2
L3 programming layer <2020-02-14>
(/usr/share/texlive/texmf-dist/tex/latex/beamer/beamer.cls
Document Class: beamer 2019/09/29 v3.57 A class for typesetting presentations
(/usr/share/texlive/texmf-dist/tex/latex/beamer/beamerbasemodes.sty
(/usr/share/texlive/texmf-dist/tex/latex/etoolbox/etoolbox.sty
Package: etoolbox 2019/09/21 v2.5h e-TeX tools for LaTeX (JAW)
\etb@tempcnta=\count167
)
\beamer@tempbox=\box45
\beamer@tempcount=\count168
\c@beamerpauses=\count169

(/usr/share/texlive/texmf-dist/tex/latex/beamer/beamerbasedecode.sty
\beamer@slideinframe=\count170
\beamer@minimum=\count171
\beamer@decode@box=\box46
)
\beamer@commentbox=\box47
\beamer@modecount=\count172
)
(/usr/share/texlive/texmf-dist/tex/generic/iftex/ifpdf.sty
Package: ifpdf 2019/10/25 v3.4 ifpdf legacy package. Use iftex instead.

(/usr/share/texlive/texmf-dist/tex/generic/iftex/iftex.sty
Package: iftex 2019/11/07 v1.0c TeX engine tests
))
\headdp=\dimen134
\footheight=\dimen135
\sidebarheight=\dimen136
\beamer@tempdim=\dimen137
\beamer@finalheight=\dimen138
\beamer@animht=\dimen139
\beamer@animdp=\dimen140
\beamer@animwd=\dimen141
\beamer@leftmargin=\dimen142
\beamer@rightmargin=\dimen143
\beamer@leftsidebar=\dimen144
\beamer@rightsidebar=\dimen145
\beamer@boxsize=\dimen146
\beamer@vboxoffset=\dimen147
\beamer@descdefault=\dimen148
\beamer@descriptionwidth=\dimen149
\beamer@lastskip=\skip47
\beamer@areabox=\box48
\beamer@animcurrent=\box49
\beamer@animshowbox=\box50
\beamer@sectionbox=\box51
\beamer@logobox=\box52
\beamer@linebox=\box53
\beamer@sectioncount=\count173
\beamer@subsubsectionmax=\count174
\beamer@subsectionmax=\count175
\beamer@sectionmax=\count176
\beamer@totalheads=\count177
\beamer@headcounter=\count178
\beamer@partstartpage=\count179
\beamer@sectionstartpage=\count180
\beamer@subsectionstartpage=\count181
\beamer@animationtempa=\count182
\beamer@animationtempb=\count183
\beamer@xpos=\count184
\beamer@ypos=\count185
\beamer@ypos@offset=\count186
\beamer@showpartnumber=\count187
\beamer@currentsubsection=\count188
\beamer@coveringdepth=\count189
\beamer@sectionadjust=\count190
\beamer@tocsectionnumber=\count191

(/usr/share/texlive/texmf-dist/tex/latex/beamer/beamerbaseoptions.sty
(/usr/share/texlive/texmf-dist/tex/latex/graphics/keyval.sty
Package: keyval 2014/10/28 v1.15 key=value parser (DPC)
\KV@toks@=\toks14
))
\beamer@paperwidth=\skip48
\beamer@paperheight=\skip49

(/usr/share/texlive/texmf-dist/tex/latex/geometry/geometry.sty
Package: geometry 2020/01/02 v5.9 Page Geometry

(/usr/share/texlive/texmf-dist/tex/generic/iftex/ifvtex.sty
Package: ifvtex 2019/10/25 v1.7 ifvtex legacy package. Use iftex instead.
)
\Gm@cnth=\count192
\Gm@cntv=\count193
\c@Gm@tempcnt=\count194
\Gm@bindingoffset=\dimen150
\Gm@wd@mp=\dimen151
\Gm@odd@mp=\dimen152
\Gm@even@mp=\dimen153
\Gm@layoutwidth=\dimen154
\Gm@layoutheight=\dimen155
\Gm@layouthoffset=\dimen156
\Gm@layoutvoffset=\dimen157
\Gm@dimlist=\toks15
)
(/usr/share/texlive/texmf-dist/tex/latex/base/size11.clo
File: size11.clo 2019/12/20 v1.4l Standard LaTeX file (size option)
)
(/usr/share/texlive/texmf-dist/tex/latex/pgf/basiclayer/pgfcore.sty
(/usr/share/texlive/texmf-dist/tex/latex/graphics/graphicx.sty
Package: graphicx 2019/11/30 v1.2a Enhanced LaTeX Graphics (DPC,SPQR)

(/usr/share/texlive/texmf-dist/tex/latex/graphics/graphics.sty
Package: graphics 2019/11/30 v1.4a Standard LaTeX Graphics (DPC,SPQR)

(/usr/share/texlive/texmf-dist/tex/latex/graphics/trig.sty
Package: trig 2016/01/03 v1.10 sin cos tan (DPC)
)
(/usr/share/texlive/texmf-dist/tex/latex/graphics-cfg/graphics.cfg
File: graphics.cfg 2016/06/04 v1.11 sample graphics configuration
)
Package graphics Info: Driver file: pdftex.def on input line 105.

(/usr/share/texlive/texmf-dist/tex/latex/graphics-def/pdftex.def
File: pdftex.def 2018/01/08 v1.0l Graphics/color driver for pdftex
))
\Gin@req@height=\dimen158
\Gin@req@width=\dimen159
)
(/usr/share/texlive/texmf-dist/tex/latex/pgf/systemlayer/pgfsys.sty
(/usr/share/texlive/texmf-dist/tex/latex/pgf/utilities/pgfrcs.sty
(/usr/share/texlive/texmf-dist/tex/generic/pgf/utilities/pgfutil-common.tex
\pgfutil@everybye=\toks16
\pgfutil@tempdima=\dimen160
\pgfutil@tempdimb=\dimen161

(/usr/share/texlive/texmf-dist/tex/generic/pgf/utilities/pgfutil-common-lists.t
ex)) (/usr/share/texlive/texmf-dist/tex/generic/pgf/utilities/pgfutil-latex.def
\pgfutil@abb=\box54
(/usr/share/texlive/texmf-dist/tex/latex/ms/everyshi.sty
Package: everyshi 2001/05/15 v3.00 EveryShipout Package (MS)
))
(/usr/share/texlive/texmf-dist/tex/generic/pgf/utilities/pgfrcs.code.tex
(/usr/share/texlive/texmf-dist/tex/generic/pgf/pgf.revision.tex)
Package: pgfrcs 2020/01/08 v3.1.5b (3.1.5b)
))
(/usr/share/texlive/texmf-dist/tex/generic/pgf/systemlayer/pgfsys.code.tex
Package: pgfsys 2020/01/08 v3.1.5b (3.1.5b)

(/usr/share/texlive/texmf-dist/tex/generic/pgf/utilities/pgfkeys.code.tex
\pgfkeys@pathtoks=\toks17
\pgfkeys@temptoks=\toks18

(/usr/share/texlive/texmf-dist/tex/generic/pgf/utilities/pgfkeysfiltered.code.t
ex
\pgfkeys@tmptoks=\toks19
))
\pgf@x=\dimen162
\pgf@y=\dimen163
\pgf@xa=\dimen164
\pgf@ya=\dimen165
\pgf@xb=\dimen166
\pgf@yb=\dimen167
\pgf@xc=\dimen168
\pgf@yc=\dimen169
\pgf@xd=\dimen170
\pgf@yd=\dimen171
\w@pgf@writea=\write3
\r@pgf@reada=\read2
\c@pgf@counta=\count195
\c@pgf@countb=\count196
\c@pgf@countc=\count197
\c@pgf@countd=\count198
\t@pgf@toka=\toks20
\t@pgf@tokb=\toks21
\t@pgf@tokc=\toks22
\pgf@sys@id@count=\count199
 (/usr/share/texlive/texmf-dist/tex/generic/pgf/systemlayer/pgf.cfg
File: pgf.cfg 2020/01/08 v3.1.5b (3.1.5b)
)
Driver file for pgf: pgfsys-pdftex.def

(/usr/share/texlive/texmf-dist/tex/generic/pgf/systemlayer/pgfsys-pdftex.def
File: pgfsys-pdftex.def 2020/01/08 v3.1.5b (3.1.5b)

(/usr/share/texlive/texmf-dist/tex/generic/pgf/systemlayer/pgfsys-common-pdf.de
f
File: pgfsys-common-pdf.def 2020/01/08 v3.1.5b (3.1.5b)
)))
(/usr/share/texlive/texmf-dist/tex/generic/pgf/systemlayer/pgfsyssoftpath.code.
tex
File: pgfsyssoftpath.code.tex 2020/01/08 v3.1.5b (3.1.5b)
\pgfsyssoftpath@smallbuffer@items=\count266
\pgfsyssoftpath@bigbuffer@items=\count267
)
(/usr/share/texlive/texmf-dist/tex/generic/pgf/systemlayer/pgfsysprotocol.code.
tex
File: pgfsysprotocol.code.tex 2020/01/08 v3.1.5b (3.1.5b)
)) (/usr/share/texlive/texmf-dist/tex/latex/xcolor/xcolor.sty
Package: xcolor 2016/05/11 v2.12 LaTeX color extensions (UK)

(/usr/share/texlive/texmf-dist/tex/latex/graphics-cfg/color.cfg
File: color.cfg 2016/01/02 v1.6 sample color configuration
)
Package xcolor Info: Driver file: pdftex.def on input line 225.
Package xcolor Info: Model `cmy' substituted by `cmy0' on input line 1348.
Package xcolor Info: Model `hsb' substituted by `rgb' on input line 1352.
Package xcolor Info: Model `RGB' extended on input line 1364.
Package xcolor Info: Model `HTML' substituted by `rgb' on input line 1366.
Package xcolor Info: Model `Hsb' substituted by `hsb' on input line 1367.
Package xcolor Info: Model `tHsb' substituted by `hsb' on input line 1368.
Package xcolor Info: Model `HSB' substituted by `hsb' on input line 1369.
Package xcolor Info: Model `Gray' substituted by `gray' on input line 1370.
Package xcolor Info: Model `wave' substituted by `hsb' on input line 1371.
)
(/usr/share/texlive/texmf-dist/tex/generic/pgf/basiclayer/pgfcore.code.tex
Package: pgfcore 2020/01/08 v3.1.5b (3.1.5b)

(/usr/share/texlive/texmf-dist/tex/generic/pgf/math/pgfmath.code.tex
(/usr/share/texlive/texmf-dist/tex/generic/pgf/math/pgfmathcalc.code.tex
(/usr/share/texlive/texmf-dist/tex/generic/pgf/math/pgfmathutil.code.tex)
(/usr/share/texlive/texmf-dist/tex/generic/pgf/math/pgfmathparser.code.tex
\pgfmath@dimen=\dimen172
\pgfmath@count=\count268
\pgfmath@box=\box55
\pgfmath@toks=\toks23
\pgfmath@stack@operand=\toks24
\pgfmath@stack@operation=\toks25
)
(/usr/share/texlive/texmf-dist/tex/generic/pgf/math/pgfmathfunctions.code.tex
(/usr/share/texlive/texmf-dist/tex/generic/pgf/math/pgfmathfunctions.basic.code
.tex)
(/usr/share/texlive/texmf-dist/tex/generic/pgf/math/pgfmathfunctions.trigonomet
ric.code.tex)
(/usr/share/texlive/texmf-dist/tex/generic/pgf/math/pgfmathfunctions.random.cod
e.tex)
(/usr/share/texlive/texmf-dist/tex/generic/pgf/math/pgfmathfunctions.comparison
.code.tex)
(/usr/share/texlive/texmf-dist/tex/generic/pgf/math/pgfmathfunctions.base.code.
tex)
(/usr/share/texlive/texmf-dist/tex/generic/pgf/math/pgfmathfunctions.round.code
.tex)
(/usr/share/texlive/texmf-dist/tex/generic/pgf/math/pgfmathfunctions.misc.code.
tex)
(/usr/share/texlive/texmf-dist/tex/generic/pgf/math/pgfmathfunctions.integerari
thmetics.code.tex)))
(/usr/share/texlive/texmf-dist/tex/generic/pgf/math/pgfmathfloat.code.tex
\c@pgfmathroundto@lastzeros=\count269
))
(/usr/share/texlive/texmf-dist/tex/generic/pgf/math/pgfint.code.tex)
(/usr/share/texlive/texmf-dist/tex/generic/pgf/basiclayer/pgfcorepoints.code.te
x
File: pgfcorepoints.code.tex 2020/01/08 v3.1.5b (3.1.5b)
\pgf@picminx=\dimen173
\pgf@picmaxx=\dimen174
\pgf@picminy=\dimen175
\pgf@picmaxy=\dimen176
\pgf@pathminx=\dimen177
\pgf@pathmaxx=\dimen178
\pgf@pathminy=\dimen179
\pgf@pathmaxy=\dimen180
\pgf@xx=\dimen181
\pgf@xy=\dimen182
\pgf@yx=\dimen183
\pgf@yy=\dimen184
\pgf@zx=\dimen185
\pgf@zy=\dimen186
)
(/usr/share/texlive/texmf-dist/tex/generic/pgf/basiclayer/pgfcorepathconstruct.
code.tex
File: pgfcorepathconstruct.code.tex 2020/01/08 v3.1.5b (3.1.5b)
\pgf@path@lastx=\dimen187
\pgf@path@lasty=\dimen188
)
(/usr/share/texlive/texmf-dist/tex/generic/pgf/basiclayer/pgfcorepathusage.code
.tex
File: pgfcorepathusage.code.tex 2020/01/08 v3.1.5b (3.1.5b)
\pgf@shorten@end@additional=\dimen189
\pgf@shorten@start@additional=\dimen190
)
(/usr/share/texlive/texmf-dist/tex/generic/pgf/basiclayer/pgfcorescopes.code.te
x
File: pgfcorescopes.code.tex 2020/01/08 v3.1.5b (3.1.5b)
\pgfpic=\box56
\pgf@hbox=\box57
\pgf@layerbox@main=\box58
\pgf@picture@serial@count=\count270
)
(/usr/share/texlive/texmf-dist/tex/generic/pgf/basiclayer/pgfcoregraphicstate.c
ode.tex
File: pgfcoregraphicstate.code.tex 2020/01/08 v3.1.5b (3.1.5b)
\pgflinewidth=\dimen191
)
(/usr/share/texlive/texmf-dist/tex/generic/pgf/basiclayer/pgfcoretransformation
s.code.tex
File: pgfcoretransformations.code.tex 2020/01/08 v3.1.5b (3.1.5b)
\pgf@pt@x=\dimen192
\pgf@pt@y=\dimen193
\pgf@pt@temp=\dimen194
)
(/usr/share/texlive/texmf-dist/tex/generic/pgf/basiclayer/pgfcorequick.code.tex
File: pgfcorequick.code.tex 2020/01/08 v3.1.5b (3.1.5b)
)
(/usr/share/texlive/texmf-dist/tex/generic/pgf/basiclayer/pgfcoreobjects.code.t
ex
File: pgfcoreobjects.code.tex 2020/01/08 v3.1.5b (3.1.5b)
)
(/usr/share/texlive/texmf-dist/tex/generic/pgf/basiclayer/pgfcorepathprocessing
.code.tex
File: pgfcorepathprocessing.code.tex 2020/01/08 v3.1.5b (3.1.5b)
)
(/usr/share/texlive/texmf-dist/tex/generic/pgf/basiclayer/pgfcorearrows.code.te
x
File: pgfcorearrows.code.tex 2020/01/08 v3.1.5b (3.1.5b)
\pgfarrowsep=\dimen195
)
(/usr/share/texlive/texmf-dist/tex/generic/pgf/basiclayer/pgfcoreshade.code.tex
File: pgfcoreshade.code.tex 2020/01/08 v3.1.5b (3.1.5b)
\pgf@max=\dimen196
\pgf@sys@shading@range@num=\count271
\pgf@shadingcount=\count272
)
(/usr/share/texlive/texmf-dist/tex/generic/pgf/basiclayer/pgfcoreimage.code.tex
File: pgfcoreimage.code.tex 2020/01/08 v3.1.5b (3.1.5b)

(/usr/share/texlive/texmf-dist/tex/generic/pgf/basiclayer/pgfcoreexternal.code.
tex
File: pgfcoreexternal.code.tex 2020/01/08 v3.1.5b (3.1.5b)
\pgfexternal@startupbox=\box59
))
(/usr/share/texlive/texmf-dist/tex/generic/pgf/basiclayer/pgfcorelayers.code.te
x
File: pgfcorelayers.code.tex 2020/01/08 v3.1.5b (3.1.5b)
)
(/usr/share/texlive/texmf-dist/tex/generic/pgf/basiclayer/pgfcoretransparency.c
ode.tex
File: pgfcoretransparency.code.tex 2020/01/08 v3.1.5b (3.1.5b)
)
(/usr/share/texlive/texmf-dist/tex/generic/pgf/basiclayer/pgfcorepatterns.code.
tex
File: pgfcorepatterns.code.tex 2020/01/08 v3.1.5b (3.1.5b)
)
(/usr/share/texlive/texmf-dist/tex/generic/pgf/basiclayer/pgfcorerdf.code.tex
File: pgfcorerdf.code.tex 2020/01/08 v3.1.5b (3.1.5b)
))) (/usr/share/texlive/texmf-dist/tex/latex/pgf/utilities/xxcolor.sty
Package: xxcolor 2003/10/24 ver 0.1
\XC@nummixins=\count273
\XC@countmixins=\count274
)
(/usr/share/texlive/texmf-dist/tex/generic/atbegshi/atbegshi.sty
Package: atbegshi 2019/12/05 v1.19 At begin shipout hook (HO)

(/usr/share/texlive/texmf-dist/tex/generic/infwarerr/infwarerr.sty
Package: infwarerr 2019/12/03 v1.5 Providing info/warning/error messages (HO)
)
(/usr/share/texlive/texmf-dist/tex/generic/ltxcmds/ltxcmds.sty
Package: ltxcmds 2019/12/15 v1.24 LaTeX kernel commands for general use (HO)
))
(/usr/share/texlive/texmf-dist/tex/latex/hyperref/hyperref.sty
Package: hyperref 2020/01/14 v7.00d Hypertext links for LaTeX

(/usr/share/texlive/texmf-dist/tex/latex/pdftexcmds/pdftexcmds.sty
Package: pdftexcmds 2019/11/24 v0.31 Utility functions of pdfTeX for LuaTeX (HO
)
Package pdftexcmds Info: \pdf@primitive is available.
Package pdftexcmds Info: \pdf@ifprimitive is available.
Package pdftexcmds Info: \pdfdraftmode found.
)
(/usr/share/texlive/texmf-dist/tex/generic/kvsetkeys/kvsetkeys.sty
Package: kvsetkeys 2019/12/15 v1.18 Key value parser (HO)
)
(/usr/share/texlive/texmf-dist/tex/generic/kvdefinekeys/kvdefinekeys.sty
Package: kvdefinekeys 2019-12-19 v1.6 Define keys (HO)
)
(/usr/share/texlive/texmf-dist/tex/generic/pdfescape/pdfescape.sty
Package: pdfescape 2019/12/09 v1.15 Implements pdfTeX's escape features (HO)
)
(/usr/share/texlive/texmf-dist/tex/latex/hycolor/hycolor.sty
Package: hycolor 2020-01-27 v1.10 Color options for hyperref/bookmark (HO)
)
(/usr/share/texlive/texmf-dist/tex/latex/letltxmacro/letltxmacro.sty
Package: letltxmacro 2019/12/03 v1.6 Let assignment for LaTeX macros (HO)
)
(/usr/share/texlive/texmf-dist/tex/latex/auxhook/auxhook.sty
Package: auxhook 2019-12-17 v1.6 Hooks for auxiliary files (HO)
)
(/usr/share/texlive/texmf-dist/tex/latex/kvoptions/kvoptions.sty
Package: kvoptions 2019/11/29 v3.13 Key value format for package options (HO)
)
\@linkdim=\dimen197
\Hy@linkcounter=\count275
\Hy@pagecounter=\count276

(/usr/share/texlive/texmf-dist/tex/latex/hyperref/pd1enc.def
File: pd1enc.def 2020/01/14 v7.00d Hyperref: PDFDocEncoding definition (HO)
Now handling font encoding PD1 ...
... no UTF-8 mapping file for font encoding PD1
)
(/usr/share/texlive/texmf-dist/tex/generic/intcalc/intcalc.sty
Package: intcalc 2019/12/15 v1.3 Expandable calculations with integers (HO)
)
(/usr/share/texlive/texmf-dist/tex/generic/etexcmds/etexcmds.sty
Package: etexcmds 2019/12/15 v1.7 Avoid name clashes with e-TeX commands (HO)
)
\Hy@SavedSpaceFactor=\count277
\pdfmajorversion=\count278
Package hyperref Info: Option `bookmarks' set `true' on input line 4421.
Package hyperref Info: Option `bookmarksopen' set `true' on input line 4421.
Package hyperref Info: Option `implicit' set `false' on input line 4421.
Package hyperref Info: Hyper figures OFF on input line 4547.
Package hyperref Info: Link nesting OFF on input line 4552.
Package hyperref Info: Hyper index ON on input line 4555.
Package hyperref Info: Plain pages OFF on input line 4562.
Package hyperref Info: Backreferencing OFF on input line 4567.
Package hyperref Info: Implicit mode OFF; no redefinition of LaTeX internals.
Package hyperref Info: Bookmarks ON on input line 4800.
\c@Hy@tempcnt=\count279

(/usr/share/texlive/texmf-dist/tex/latex/url/url.sty
\Urlmuskip=\muskip16
Package: url 2013/09/16  ver 3.4  Verb mode for urls, etc.
)
LaTeX Info: Redefining \url on input line 5159.
\XeTeXLinkMargin=\dimen198

(/usr/share/texlive/texmf-dist/tex/generic/bitset/bitset.sty
Package: bitset 2019/12/09 v1.3 Handle bit-vector datatype (HO)

(/usr/share/texlive/texmf-dist/tex/generic/bigintcalc/bigintcalc.sty
Package: bigintcalc 2019/12/15 v1.5 Expandable calculations on big integers (HO
)
))
\Fld@menulength=\count280
\Field@Width=\dimen199
\Fld@charsize=\dimen256
Package hyperref Info: Hyper figures OFF on input line 6430.
Package hyperref Info: Link nesting OFF on input line 6435.
Package hyperref Info: Hyper index ON on input line 6438.
Package hyperref Info: backreferencing OFF on input line 6445.
Package hyperref Info: Link coloring OFF on input line 6450.
Package hyperref Info: Link coloring with OCG OFF on input line 6455.
Package hyperref Info: PDF/A mode OFF on input line 6460.
LaTeX Info: Redefining \ref on input line 6500.
LaTeX Info: Redefining \pageref on input line 6504.
\Hy@abspage=\count281


Package hyperref Message: Stopped early.

)
Package hyperref Info: Driver (autodetected): hpdftex.
 (/usr/share/texlive/texmf-dist/tex/latex/hyperref/hpdftex.def
File: hpdftex.def 2020/01/14 v7.00d Hyperref driver for pdfTeX

(/usr/share/texlive/texmf-dist/tex/latex/atveryend/atveryend.sty
Package: atveryend 2019-12-11 v1.11 Hooks at the very end of document (HO)
)
\Fld@listcount=\count282
\c@bookmark@seq@number=\count283

(/usr/share/texlive/texmf-dist/tex/latex/rerunfilecheck/rerunfilecheck.sty
Package: rerunfilecheck 2019/12/05 v1.9 Rerun checks for auxiliary files (HO)

(/usr/share/texlive/texmf-dist/tex/generic/uniquecounter/uniquecounter.sty
Package: uniquecounter 2019/12/15 v1.4 Provide unlimited unique counter (HO)
)
Package uniquecounter Info: New unique counter `rerunfilecheck' on input line 2
86.
))
(/usr/share/texlive/texmf-dist/tex/latex/beamer/beamerbaserequires.sty
(/usr/share/texlive/texmf-dist/tex/latex/beamer/beamerbasecompatibility.sty)
(/usr/share/texlive/texmf-dist/tex/latex/beamer/beamerbasefont.sty
(/usr/share/texlive/texmf-dist/tex/latex/amsfonts/amssymb.sty
Package: amssymb 2013/01/14 v3.01 AMS font symbols

(/usr/share/texlive/texmf-dist/tex/latex/amsfonts/amsfonts.sty
Package: amsfonts 2013/01/14 v3.01 Basic AMSFonts support
\@emptytoks=\toks26
\symAMSa=\mathgroup4
\symAMSb=\mathgroup5
LaTeX Font Info:    Redeclaring math symbol \hbar on input line 98.
LaTeX Font Info:    Overwriting math alphabet `\mathfrak' in version `bold'
(Font)                  U/euf/m/n --> U/euf/b/n on input line 106.
)))
(/usr/share/texlive/texmf-dist/tex/latex/beamer/beamerbasetranslator.sty
(/usr/share/texlive/texmf-dist/tex/latex/translator/translator.sty
Package: translator 2019-05-31 v1.12a Easy translation of strings in LaTeX
))
(/usr/share/texlive/texmf-dist/tex/latex/beamer/beamerbasemisc.sty)
(/usr/share/texlive/texmf-dist/tex/latex/beamer/beamerbasetwoscreens.sty)
(/usr/share/texlive/texmf-dist/tex/latex/beamer/beamerbaseoverlay.sty
\beamer@argscount=\count284
\beamer@lastskipcover=\skip50
\beamer@trivlistdepth=\count285
)
(/usr/share/texlive/texmf-dist/tex/latex/beamer/beamerbasetitle.sty)
(/usr/share/texlive/texmf-dist/tex/latex/beamer/beamerbasesection.sty
\c@lecture=\count286
\c@part=\count287
\c@section=\count288
\c@subsection=\count289
\c@subsubsection=\count290
)
(/usr/share/texlive/texmf-dist/tex/latex/beamer/beamerbaseframe.sty
\beamer@framebox=\box60
\beamer@frametitlebox=\box61
\beamer@zoombox=\box62
\beamer@zoomcount=\count291
\beamer@zoomframecount=\count292
\beamer@frametextheight=\dimen257
\c@subsectionslide=\count293
\beamer@frametopskip=\skip51
\beamer@framebottomskip=\skip52
\beamer@frametopskipautobreak=\skip53
\beamer@framebottomskipautobreak=\skip54
\beamer@envbody=\toks27
\framewidth=\dimen258
\c@framenumber=\count294
)
(/usr/share/texlive/texmf-dist/tex/latex/beamer/beamerbaseverbatim.sty
\beamer@verbatimfileout=\write4
)
(/usr/share/texlive/texmf-dist/tex/latex/beamer/beamerbaseframesize.sty
\beamer@splitbox=\box63
\beamer@autobreakcount=\count295
\beamer@autobreaklastheight=\dimen259
\beamer@frametitletoks=\toks28
\beamer@framesubtitletoks=\toks29
)
(/usr/share/texlive/texmf-dist/tex/latex/beamer/beamerbaseframecomponents.sty
\beamer@footins=\box64
)
(/usr/share/texlive/texmf-dist/tex/latex/beamer/beamerbasecolor.sty)
(/usr/share/texlive/texmf-dist/tex/latex/beamer/beamerbasenotes.sty
\beamer@frameboxcopy=\box65
)
(/usr/share/texlive/texmf-dist/tex/latex/beamer/beamerbasetoc.sty)
(/usr/share/texlive/texmf-dist/tex/latex/beamer/beamerbasetemplates.sty
\beamer@sbttoks=\toks30

(/usr/share/texlive/texmf-dist/tex/latex/beamer/beamerbaseauxtemplates.sty
(/usr/share/texlive/texmf-dist/tex/latex/beamer/beamerbaseboxes.sty
\bmb@box=\box66
\bmb@colorbox=\box67
\bmb@boxshadow=\box68
\bmb@boxshadowball=\box69
\bmb@boxshadowballlarge=\box70
\bmb@temp=\dimen260
\bmb@dima=\dimen261
\bmb@dimb=\dimen262
\bmb@prevheight=\dimen263
)
\beamer@blockheadheight=\dimen264
))
(/usr/share/texlive/texmf-dist/tex/latex/beamer/beamerbaselocalstructure.sty
(/usr/share/texlive/texmf-dist/tex/latex/tools/enumerate.sty
Package: enumerate 2015/07/23 v3.00 enumerate extensions (DPC)
\@enLab=\toks31
)
\c@figure=\count296
\c@table=\count297
\abovecaptionskip=\skip55
\belowcaptionskip=\skip56
)
(/usr/share/texlive/texmf-dist/tex/latex/beamer/beamerbasenavigation.sty
\beamer@section@min@dim=\dimen265
)
(/usr/share/texlive/texmf-dist/tex/latex/beamer/beamerbasetheorems.sty
(/usr/share/texlive/texmf-dist/tex/latex/amsmath/amsmath.sty
Package: amsmath 2020/01/20 v2.17e AMS math features
\@mathmargin=\skip57

For additional information on amsmath, use the `?' option.
(/usr/share/texlive/texmf-dist/tex/latex/amsmath/amstext.sty
Package: amstext 2000/06/29 v2.01 AMS text

(/usr/share/texlive/texmf-dist/tex/latex/amsmath/amsgen.sty
File: amsgen.sty 1999/11/30 v2.0 generic functions
\@emptytoks=\toks32
\ex@=\dimen266
))
(/usr/share/texlive/texmf-dist/tex/latex/amsmath/amsbsy.sty
Package: amsbsy 1999/11/29 v1.2d Bold Symbols
\pmbraise@=\dimen267
)
(/usr/share/texlive/texmf-dist/tex/latex/amsmath/amsopn.sty
Package: amsopn 2016/03/08 v2.02 operator names
)
\inf@bad=\count298
LaTeX Info: Redefining \frac on input line 227.
\uproot@=\count299
\leftroot@=\count300
LaTeX Info: Redefining \overline on input line 389.
\classnum@=\count301
\DOTSCASE@=\count302
LaTeX Info: Redefining \ldots on input line 486.
LaTeX Info: Redefining \dots on input line 489.
LaTeX Info: Redefining \cdots on input line 610.
\Mathstrutbox@=\box71
\strutbox@=\box72
\big@size=\dimen268
LaTeX Font Info:    Redeclaring font encoding OML on input line 733.
LaTeX Font Info:    Redeclaring font encoding OMS on input line 734.
\macc@depth=\count303
\c@MaxMatrixCols=\count304
\dotsspace@=\muskip17
\c@parentequation=\count305
\dspbrk@lvl=\count306
\tag@help=\toks33
\row@=\count307
\column@=\count308
\maxfields@=\count309
\andhelp@=\toks34
\eqnshift@=\dimen269
\alignsep@=\dimen270
\tagshift@=\dimen271
\tagwidth@=\dimen272
\totwidth@=\dimen273
\lineht@=\dimen274
\@envbody=\toks35
\multlinegap=\skip58
\multlinetaggap=\skip59
\mathdisplay@stack=\toks36
LaTeX Info: Redefining \[ on input line 2859.
LaTeX Info: Redefining \] on input line 2860.
)
(/usr/share/texlive/texmf-dist/tex/latex/amscls/amsthm.sty
Package: amsthm 2017/10/31 v2.20.4
\thm@style=\toks37
\thm@bodyfont=\toks38
\thm@headfont=\toks39
\thm@notefont=\toks40
\thm@headpunct=\toks41
\thm@preskip=\skip60
\thm@postskip=\skip61
\thm@headsep=\skip62
\dth@everypar=\toks42
)
\c@theorem=\count310
)
(/usr/share/texlive/texmf-dist/tex/latex/beamer/beamerbasethemes.sty))
(/usr/share/texlive/texmf-dist/tex/latex/beamer/beamerthemedefault.sty
(/usr/share/texlive/texmf-dist/tex/latex/beamer/beamerfontthemedefault.sty)
(/usr/share/texlive/texmf-dist/tex/latex/beamer/beamercolorthemedefault.sty)
(/usr/share/texlive/texmf-dist/tex/latex/beamer/beamerinnerthemedefault.sty
\beamer@dima=\dimen275
\beamer@dimb=\dimen276
)
(/usr/share/texlive/texmf-dist/tex/latex/beamer/beamerouterthemedefault.sty)))
(/usr/share/texlive/texmf-dist/tex/latex/base/inputenc.sty
Package: inputenc 2018/08/11 v1.3c Input encoding file
\inpenc@prehook=\toks43
\inpenc@posthook=\toks44
) (./mystyle.sty
Package: mystyle 

(/usr/share/texlive/texmf-dist/tex/latex/booktabs/booktabs.sty
Package: booktabs 2020/01/12 v1.61803398 Publication quality tables
\heavyrulewidth=\dimen277
\lightrulewidth=\dimen278
\cmidrulewidth=\dimen279
\belowrulesep=\dimen280
\belowbottomsep=\dimen281
\aboverulesep=\dimen282
\abovetopsep=\dimen283
\cmidrulesep=\dimen284
\cmidrulekern=\dimen285
\defaultaddspace=\dimen286
\@cmidla=\count311
\@cmidlb=\count312
\@aboverulesep=\dimen287
\@belowrulesep=\dimen288
\@thisruleclass=\count313
\@lastruleclass=\count314
\@thisrulewidth=\dimen289
)
(/usr/share/texlive/texmf-dist/tex/latex/comment/comment.sty
\CommentStream=\write5

Excluding comment 'comment')
(/usr/share/texlive/texmf-dist/tex/latex/textpos/textpos.sty
Package: textpos 2019/04/15 v1.9.1

Package: textpos 2019/04/15 1.9.1, absolute positioning of text on the page
\TP@textbox=\box73
\TP@holdbox=\box74
\TPHorizModule=\dimen290
\TPVertModule=\dimen291
\TP@margin=\dimen292
\TP@absmargin=\dimen293
Grid set 16 x 16 = 22.7622pt x 17.07166pt
\TPboxrulesize=\dimen294
\TP@ox=\dimen295
\TP@oy=\dimen296
\TP@tbargs=\toks45
\TP@prevdepth=\dimen297
TextBlockOrigin set to 0pt x 0pt
) (/usr/share/texlive/texmf-dist/tex/latex/pgf/utilities/pgfpages.sty
Package: pgfpages 2011/01/05 ver 0.02

(/usr/share/texlive/texmf-dist/tex/latex/tools/calc.sty
Package: calc 2017/05/25 v4.3 Infix arithmetic (KKT,FJ)
\calc@Acount=\count315
\calc@Bcount=\count316
\calc@Adimen=\dimen298
\calc@Bdimen=\dimen299
\calc@Askip=\skip63
\calc@Bskip=\skip64
LaTeX Info: Redefining \setlength on input line 80.
LaTeX Info: Redefining \addtolength on input line 81.
\calc@Ccount=\count317
\calc@Cskip=\skip65
)
\pgf@logicalpages=\count318
\pgf@firstshipout=\count319
\pgf@lastshipout=\count320
\pgf@currentshipout=\count321
\pgf@cpn=\count322
\pgf@shipoutnextto=\count323
\pgfphysicalheight=\dimen300
\pgfphysicalwidth=\dimen301
\pgfpages@shipoutbox=\box75
)
(/usr/share/texlive/texmf-dist/tex/latex/caption/caption.sty
Package: caption 2020/01/03 v3.4h Customizing captions (AR)

(/usr/share/texlive/texmf-dist/tex/latex/caption/caption3.sty
Package: caption3 2020/01/03 v1.8h caption3 kernel (AR)
Package caption3 Info: TeX engine: e-TeX on input line 61.
\captionmargin=\dimen302
\captionmargin@=\dimen303
\captionwidth=\dimen304
\caption@tempdima=\dimen305
\caption@indent=\dimen306
\caption@parindent=\dimen307
\caption@hangindent=\dimen308
Package caption Info: beamer document class detected.
)
\c@caption@flags=\count324
\c@continuedfloat=\count325
Package caption Info: beamer document class.
Package caption Info: hyperref package is loaded.
Package caption Info: Hyperref support is turned off
(caption)             because hyperref has stopped early.
)
(/usr/share/texlive/texmf-dist/tex/latex/pgf/frontendlayer/tikz.sty
(/usr/share/texlive/texmf-dist/tex/latex/pgf/basiclayer/pgf.sty
Package: pgf 2020/01/08 v3.1.5b (3.1.5b)

(/usr/share/texlive/texmf-dist/tex/generic/pgf/modules/pgfmoduleshapes.code.tex
File: pgfmoduleshapes.code.tex 2020/01/08 v3.1.5b (3.1.5b)
\pgfnodeparttextbox=\box76
) (/usr/share/texlive/texmf-dist/tex/generic/pgf/modules/pgfmoduleplot.code.tex
File: pgfmoduleplot.code.tex 2020/01/08 v3.1.5b (3.1.5b)
)
(/usr/share/texlive/texmf-dist/tex/latex/pgf/compatibility/pgfcomp-version-0-65
.sty
Package: pgfcomp-version-0-65 2020/01/08 v3.1.5b (3.1.5b)
\pgf@nodesepstart=\dimen309
\pgf@nodesepend=\dimen310
)
(/usr/share/texlive/texmf-dist/tex/latex/pgf/compatibility/pgfcomp-version-1-18
.sty
Package: pgfcomp-version-1-18 2020/01/08 v3.1.5b (3.1.5b)
)) (/usr/share/texlive/texmf-dist/tex/latex/pgf/utilities/pgffor.sty
(/usr/share/texlive/texmf-dist/tex/latex/pgf/utilities/pgfkeys.sty
(/usr/share/texlive/texmf-dist/tex/generic/pgf/utilities/pgfkeys.code.tex))
(/usr/share/texlive/texmf-dist/tex/latex/pgf/math/pgfmath.sty
(/usr/share/texlive/texmf-dist/tex/generic/pgf/math/pgfmath.code.tex))
(/usr/share/texlive/texmf-dist/tex/generic/pgf/utilities/pgffor.code.tex
Package: pgffor 2020/01/08 v3.1.5b (3.1.5b)

(/usr/share/texlive/texmf-dist/tex/generic/pgf/math/pgfmath.code.tex)
\pgffor@iter=\dimen311
\pgffor@skip=\dimen312
\pgffor@stack=\toks46
\pgffor@toks=\toks47
))
(/usr/share/texlive/texmf-dist/tex/generic/pgf/frontendlayer/tikz/tikz.code.tex
Package: tikz 2020/01/08 v3.1.5b (3.1.5b)

(/usr/share/texlive/texmf-dist/tex/generic/pgf/libraries/pgflibraryplothandlers
.code.tex
File: pgflibraryplothandlers.code.tex 2020/01/08 v3.1.5b (3.1.5b)
\pgf@plot@mark@count=\count326
\pgfplotmarksize=\dimen313
)
\tikz@lastx=\dimen314
\tikz@lasty=\dimen315
\tikz@lastxsaved=\dimen316
\tikz@lastysaved=\dimen317
\tikz@lastmovetox=\dimen318
\tikz@lastmovetoy=\dimen319
\tikzleveldistance=\dimen320
\tikzsiblingdistance=\dimen321
\tikz@figbox=\box77
\tikz@figbox@bg=\box78
\tikz@tempbox=\box79
\tikz@tempbox@bg=\box80
\tikztreelevel=\count327
\tikznumberofchildren=\count328
\tikznumberofcurrentchild=\count329
\tikz@fig@count=\count330

(/usr/share/texlive/texmf-dist/tex/generic/pgf/modules/pgfmodulematrix.code.tex
File: pgfmodulematrix.code.tex 2020/01/08 v3.1.5b (3.1.5b)
\pgfmatrixcurrentrow=\count331
\pgfmatrixcurrentcolumn=\count332
\pgf@matrix@numberofcolumns=\count333
)
\tikz@expandcount=\count334

(/usr/share/texlive/texmf-dist/tex/generic/pgf/frontendlayer/tikz/libraries/tik
zlibrarytopaths.code.tex
File: tikzlibrarytopaths.code.tex 2020/01/08 v3.1.5b (3.1.5b)
)))
(/usr/share/texlive/texmf-dist/tex/latex/cancel/cancel.sty
Package: cancel 2013/04/12 v2.2 Cancel math terms
)
(/usr/share/texlive/texmf-dist/tex/latex/csquotes/csquotes.sty
Package: csquotes 2019-12-06 v5.2j context-sensitive quotations (JAW)
\csq@reset=\count335
\csq@gtype=\count336
\csq@glevel=\count337
\csq@qlevel=\count338
\csq@maxlvl=\count339
\csq@tshold=\count340
\csq@ltx@everypar=\toks48

(/usr/share/texlive/texmf-dist/tex/latex/csquotes/csquotes.def
File: csquotes.def 2019-12-06 v5.2j csquotes generic definitions (JAW)
)
Package csquotes Info: Trying to load configuration file 'csquotes.cfg'...
Package csquotes Info: ... configuration file loaded successfully.

(/usr/share/texlive/texmf-dist/tex/latex/csquotes/csquotes.cfg
File: csquotes.cfg 
))
(/usr/share/texlive/texmf-dist/tex/latex/tools/bm.sty
Package: bm 2019/07/24 v1.2d Bold Symbol Support (DPC/FMi)
\symboldoperators=\mathgroup6
\symboldletters=\mathgroup7
\symboldsymbols=\mathgroup8
LaTeX Font Info:    Redeclaring math alphabet \mathbf on input line 141.
LaTeX Info: Redefining \bm on input line 209.
)
(/usr/share/texlive/texmf-dist/tex/latex/beamer/beamerthemeMadrid.sty
(/usr/share/texlive/texmf-dist/tex/latex/beamer/beamercolorthemewhale.sty)
(/usr/share/texlive/texmf-dist/tex/latex/beamer/beamercolorthemeorchid.sty)
(/usr/share/texlive/texmf-dist/tex/latex/beamer/beamerinnerthemerounded.sty)
(/usr/share/texlive/texmf-dist/tex/latex/beamer/beamerouterthemeinfolines.sty))
(/usr/share/texlive/texmf-dist/tex/latex/beamer/beamercolorthemestructure.sty)
Package hyperref Info: Option `colorlinks' set `true' on input line 30.
) (/usr/share/texlive/texmf-dist/tex/latex/subfiles/subfiles.sty
Package: subfiles 2020/02/14 v1.6 Multi-file projects (package)

(/usr/share/texlive/texmf-dist/tex/latex/import/import.sty
Package: import 2009/03/23  v 5.1
))
Package csquotes Info: Checking for multilingual support...
Package csquotes Info: ... none found.

(/usr/share/texlive/texmf-dist/tex/latex/l3backend/l3backend-pdfmode.def
File: l3backend-pdfmode.def 2020-02-03 L3 backend support: PDF mode
\l__kernel_color_stack_int=\count341
\l__pdf_internal_box=\box81
)
(./main.aux)
\openout1 = `main.aux'.

LaTeX Font Info:    Checking defaults for OML/cmm/m/it on input line 21.
LaTeX Font Info:    ... okay on input line 21.
LaTeX Font Info:    Checking defaults for OMS/cmsy/m/n on input line 21.
LaTeX Font Info:    ... okay on input line 21.
LaTeX Font Info:    Checking defaults for OT1/cmr/m/n on input line 21.
LaTeX Font Info:    ... okay on input line 21.
LaTeX Font Info:    Checking defaults for T1/cmr/m/n on input line 21.
LaTeX Font Info:    ... okay on input line 21.
LaTeX Font Info:    Checking defaults for TS1/cmr/m/n on input line 21.
LaTeX Font Info:    ... okay on input line 21.
LaTeX Font Info:    Checking defaults for OMX/cmex/m/n on input line 21.
LaTeX Font Info:    ... okay on input line 21.
LaTeX Font Info:    Checking defaults for U/cmr/m/n on input line 21.
LaTeX Font Info:    ... okay on input line 21.
LaTeX Font Info:    Checking defaults for PD1/pdf/m/n on input line 21.
LaTeX Font Info:    ... okay on input line 21.

*geometry* driver: auto-detecting
*geometry* detected driver: pdftex
*geometry* verbose mode - [ preamble ] result:
* driver: pdftex
* paper: custom
* layout: <same size as paper>
* layoutoffset:(h,v)=(0.0pt,0.0pt)
* modes: includehead includefoot 
* h-part:(L,W,R)=(10.95003pt, 342.2953pt, 10.95003pt)
* v-part:(T,H,B)=(0.0pt, 273.14662pt, 0.0pt)
* \paperwidth=364.19536pt
* \paperheight=273.14662pt
* \textwidth=342.2953pt
* \textheight=244.6939pt
* \oddsidemargin=-61.31996pt
* \evensidemargin=-61.31996pt
* \topmargin=-72.26999pt
* \headheight=14.22636pt
* \headsep=0.0pt
* \topskip=11.0pt
* \footskip=14.22636pt
* \marginparwidth=4.0pt
* \marginparsep=10.0pt
* \columnsep=10.0pt
* \skip\footins=10.0pt plus 4.0pt minus 2.0pt
* \hoffset=0.0pt
* \voffset=0.0pt
* \mag=1000
* \@twocolumnfalse
* \@twosidefalse
* \@mparswitchfalse
* \@reversemarginfalse
* (1in=72.27pt=25.4mm, 1cm=28.453pt)

(/usr/share/texlive/texmf-dist/tex/context/base/mkii/supp-pdf.mkii
[Loading MPS to PDF converter (version 2006.09.02).]
\scratchcounter=\count342
\scratchdimen=\dimen322
\scratchbox=\box82
\nofMPsegments=\count343
\nofMParguments=\count344
\everyMPshowfont=\toks49
\MPscratchCnt=\count345
\MPscratchDim=\dimen323
\MPnumerator=\count346
\makeMPintoPDFobject=\count347
\everyMPtoPDFconversion=\toks50
) (/usr/share/texlive/texmf-dist/tex/latex/epstopdf-pkg/epstopdf-base.sty
Package: epstopdf-base 2020-01-24 v2.11 Base part for package epstopdf
Package epstopdf-base Info: Redefining graphics rule for `.eps' on input line 4
85.

(/usr/share/texlive/texmf-dist/tex/latex/latexconfig/epstopdf-sys.cfg
File: epstopdf-sys.cfg 2010/07/13 v1.3 Configuration of (r)epstopdf for TeX Liv
e
))
ABD: EveryShipout initializing macros
\AtBeginShipoutBox=\box83
Package hyperref Info: Link coloring ON on input line 21.

(/usr/share/texlive/texmf-dist/tex/latex/hyperref/nameref.sty
Package: nameref 2019/09/16 v2.46 Cross-referencing by name of section

(/usr/share/texlive/texmf-dist/tex/latex/refcount/refcount.sty
Package: refcount 2019/12/15 v3.6 Data extraction from label references (HO)
)
(/usr/share/texlive/texmf-dist/tex/generic/gettitlestring/gettitlestring.sty
Package: gettitlestring 2019/12/15 v1.6 Cleanup title references (HO)
)
\c@section@level=\count348
)
LaTeX Info: Redefining \ref on input line 21.
LaTeX Info: Redefining \pageref on input line 21.
LaTeX Info: Redefining \nameref on input line 21.

(./main.out) (./main.out)
\@outlinefile=\write6
\openout6 = `main.out'.

LaTeX Font Info:    Overwriting symbol font `operators' in version `normal'
(Font)                  OT1/cmr/m/n --> OT1/cmss/m/n on input line 21.
LaTeX Font Info:    Overwriting symbol font `operators' in version `bold'
(Font)                  OT1/cmr/bx/n --> OT1/cmss/b/n on input line 21.
\symnumbers=\mathgroup9
\sympureletters=\mathgroup10
LaTeX Font Info:    Overwriting math alphabet `\mathrm' in version `normal'
(Font)                  OT1/cmss/m/n --> OT1/cmr/m/n on input line 21.
LaTeX Font Info:    Redeclaring math alphabet \mathbf on input line 21.
LaTeX Font Info:    Redeclaring math alphabet \mathsf on input line 21.
LaTeX Font Info:    Overwriting math alphabet `\mathsf' in version `normal'
(Font)                  OT1/cmss/m/n --> OT1/cmss/m/n on input line 21.
LaTeX Font Info:    Overwriting math alphabet `\mathsf' in version `bold'
(Font)                  OT1/cmss/bx/n --> OT1/cmss/m/n on input line 21.
LaTeX Font Info:    Redeclaring math alphabet \mathit on input line 21.
LaTeX Font Info:    Overwriting math alphabet `\mathit' in version `normal'
(Font)                  OT1/cmr/m/it --> OT1/cmss/m/it on input line 21.
LaTeX Font Info:    Overwriting math alphabet `\mathit' in version `bold'
(Font)                  OT1/cmr/bx/it --> OT1/cmss/m/it on input line 21.
LaTeX Font Info:    Redeclaring math alphabet \mathtt on input line 21.
LaTeX Font Info:    Overwriting math alphabet `\mathtt' in version `normal'
(Font)                  OT1/cmtt/m/n --> OT1/cmtt/m/n on input line 21.
LaTeX Font Info:    Overwriting math alphabet `\mathtt' in version `bold'
(Font)                  OT1/cmtt/m/n --> OT1/cmtt/m/n on input line 21.
LaTeX Font Info:    Overwriting symbol font `numbers' in version `bold'
(Font)                  OT1/cmss/m/n --> OT1/cmss/b/n on input line 21.
LaTeX Font Info:    Overwriting symbol font `pureletters' in version `bold'
(Font)                  OT1/cmss/m/it --> OT1/cmss/b/it on input line 21.
LaTeX Font Info:    Overwriting math alphabet `\mathrm' in version `bold'
(Font)                  OT1/cmss/b/n --> OT1/cmr/b/n on input line 21.
LaTeX Font Info:    Overwriting math alphabet `\mathbf' in version `bold'
(Font)                  OT1/cmss/b/n --> OT1/cmss/b/n on input line 21.
LaTeX Font Info:    Overwriting math alphabet `\mathsf' in version `bold'
(Font)                  OT1/cmss/m/n --> OT1/cmss/b/n on input line 21.
LaTeX Font Info:    Overwriting math alphabet `\mathit' in version `bold'
(Font)                  OT1/cmss/m/it --> OT1/cmss/b/it on input line 21.
LaTeX Font Info:    Overwriting math alphabet `\mathtt' in version `bold'
(Font)                  OT1/cmtt/m/n --> OT1/cmtt/b/n on input line 21.

(/usr/share/texlive/texmf-dist/tex/latex/translator/translator-basic-dictionary
-English.dict
Dictionary: translator-basic-dictionary, Language: English 
)
(/usr/share/texlive/texmf-dist/tex/latex/translator/translator-bibliography-dic
tionary-English.dict
Dictionary: translator-bibliography-dictionary, Language: English 
)
(/usr/share/texlive/texmf-dist/tex/latex/translator/translator-environment-dict
ionary-English.dict
Dictionary: translator-environment-dictionary, Language: English 
)
(/usr/share/texlive/texmf-dist/tex/latex/translator/translator-months-dictionar
y-English.dict
Dictionary: translator-months-dictionary, Language: English 
)
(/usr/share/texlive/texmf-dist/tex/latex/translator/translator-numbers-dictiona
ry-English.dict
Dictionary: translator-numbers-dictionary, Language: English 
)
(/usr/share/texlive/texmf-dist/tex/latex/translator/translator-theorem-dictiona
ry-English.dict
Dictionary: translator-theorem-dictionary, Language: English 
)
Package caption Info: Begin \AtBeginDocument code.
Package caption Info: End \AtBeginDocument code.
 (./main.nav)
<Logos/epfl_logo.png, id=44, 1284.8pt x 374.39874pt>
File: Logos/epfl_logo.png Graphic file (type png)
<use Logos/epfl_logo.png>
Package pdftex.def Info: Logos/epfl_logo.png  used on input line 24.
(pdftex.def)             Requested size: 97.63013pt x 28.45274pt.
 [1

{/var/lib/texmf/fonts/map/pdftex/updmap/pdftex.map} <./Logos/epfl_logo.png>] (.
/main.toc)
File: Logos/epfl_logo.png Graphic file (type png)
<use Logos/epfl_logo.png>
Package pdftex.def Info: Logos/epfl_logo.png  used on input line 35.
(pdftex.def)             Requested size: 48.81506pt x 14.22636pt.
 [2

] (./Sections/introduction.tex
LaTeX Font Info:    Trying to load font information for U+msa on input line 14.


(/usr/share/texlive/texmf-dist/tex/latex/amsfonts/umsa.fd
File: umsa.fd 2013/01/14 v3.01 AMS symbols A
)
LaTeX Font Info:    Trying to load font information for U+msb on input line 14.


(/usr/share/texlive/texmf-dist/tex/latex/amsfonts/umsb.fd
File: umsb.fd 2013/01/14 v3.01 AMS symbols B
)
<Figures/graph.png, id=116, 632.3625pt x 546.04pt>
File: Figures/graph.png Graphic file (type png)
<use Figures/graph.png>
Package pdftex.def Info: Figures/graph.png  used on input line 14.
(pdftex.def)             Requested size: 171.14764pt x 147.7827pt.
<Sections/../Figures/hypergraph.png, id=118, 694.595pt x 638.385pt>
File: Sections/../Figures/hypergraph.png Graphic file (type png)
<use Sections/../Figures/hypergraph.png>
Package pdftex.def Info: Sections/../Figures/hypergraph.png  used on input line
 14.
(pdftex.def)             Requested size: 171.14764pt x 157.29698pt.
File: Logos/epfl_logo.png Graphic file (type png)
<use Logos/epfl_logo.png>
Package pdftex.def Info: Logos/epfl_logo.png  used on input line 14.
(pdftex.def)             Requested size: 48.81506pt x 14.22636pt.
 [3

 <./Figures/graph.png> <./Sections/../Figures/hypergraph.png>]
<Sections/../Figures/conductance.png, id=153, 758.835pt x 803.0pt>
File: Sections/../Figures/conductance.png Graphic file (type png)
<use Sections/../Figures/conductance.png>
Package pdftex.def Info: Sections/../Figures/conductance.png  used on input lin
e 29.
(pdftex.def)             Requested size: 171.14764pt x 181.1083pt.
File: Logos/epfl_logo.png Graphic file (type png)
<use Logos/epfl_logo.png>
Package pdftex.def Info: Logos/epfl_logo.png  used on input line 29.
(pdftex.def)             Requested size: 48.81506pt x 14.22636pt.
 [4

 <./Sections/../Figures/conductance.png>]
<Sections/../Figures/local_clustering_algo_2.png, id=183, 1218.5525pt x 1168.36
5pt>
File: Sections/../Figures/local_clustering_algo_2.png Graphic file (type png)
<use Sections/../Figures/local_clustering_algo_2.png>
Package pdftex.def Info: Sections/../Figures/local_clustering_algo_2.png  used 
on input line 36.
(pdftex.def)             Requested size: 171.14764pt x 164.08699pt.

Overfull \vbox (13.81726pt too high) detected at line 36
 []

File: Logos/epfl_logo.png Graphic file (type png)
<use Logos/epfl_logo.png>
Package pdftex.def Info: Logos/epfl_logo.png  used on input line 36.
(pdftex.def)             Requested size: 48.81506pt x 14.22636pt.
[5

 <./Sections/../Figures/local_clustering_algo_2.png>]
<Sections/../Figures/random_walk_t_0.png, id=213, 945.5325pt x 790.955pt>
File: Sections/../Figures/random_walk_t_0.png Graphic file (type png)
<use Sections/../Figures/random_walk_t_0.png>
Package pdftex.def Info: Sections/../Figures/random_walk_t_0.png  used on input
 line 58.
(pdftex.def)             Requested size: 112.95807pt x 94.48808pt.
<Sections/../Figures/random_walk_t_1.png, id=214, 967.615pt x 867.24pt>
File: Sections/../Figures/random_walk_t_1.png Graphic file (type png)
<use Sections/../Figures/random_walk_t_1.png>
Package pdftex.def Info: Sections/../Figures/random_walk_t_1.png  used on input
 line 58.
(pdftex.def)             Requested size: 112.95807pt x 101.23244pt.
<Sections/../Figures/random_walk_t_infinity.png, id=215, 1106.1325pt x 825.0825
pt>
File: Sections/../Figures/random_walk_t_infinity.png Graphic file (type png)
<use Sections/../Figures/random_walk_t_infinity.png>
Package pdftex.def Info: Sections/../Figures/random_walk_t_infinity.png  used o
n input line 58.
(pdftex.def)             Requested size: 112.95807pt x 84.25046pt.


Package amsfonts Warning: Obsolete command \bold; \mathbf should be used instea
d on input line 58.


LaTeX Font Warning: Font shape `OT1/cmss/b/n' undefined
(Font)              using `OT1/cmss/m/n' instead on input line 58.

File: Logos/epfl_logo.png Graphic file (type png)
<use Logos/epfl_logo.png>
Package pdftex.def Info: Logos/epfl_logo.png  used on input line 58.
(pdftex.def)             Requested size: 48.81506pt x 14.22636pt.
[6

 <./Sections/../Figures/random_walk_t_0.png> <./Sections/../Figures/random_walk
_t_1.png> <./Sections/../Figures/random_walk_t_infinity.png>]
File: Logos/epfl_logo.png Graphic file (type png)
<use Logos/epfl_logo.png>
Package pdftex.def Info: Logos/epfl_logo.png  used on input line 63.
(pdftex.def)             Requested size: 48.81506pt x 14.22636pt.
 [7

]
<Sections/../Figures/lovasz_simonovits_graph.png, id=275, 811.03pt x 696.6025pt
>
File: Sections/../Figures/lovasz_simonovits_graph.png Graphic file (type png)
<use Sections/../Figures/lovasz_simonovits_graph.png>
Package pdftex.def Info: Sections/../Figures/lovasz_simonovits_graph.png  used 
on input line 87.
(pdftex.def)             Requested size: 109.53323pt x 94.07979pt.
<Sections/../Figures/ls_curve_test.png, id=276, 1415.2875pt x 877.2775pt>
File: Sections/../Figures/ls_curve_test.png Graphic file (type png)
<use Sections/../Figures/ls_curve_test.png>
Package pdftex.def Info: Sections/../Figures/ls_curve_test.png  used on input l
ine 87.
(pdftex.def)             Requested size: 164.30403pt x 101.84189pt.

Overfull \hbox (46.55795pt too wide) detected at line 87
[][][] $[]$[][][][][][][][] $[]$[][][][][][] 
 []

File: Logos/epfl_logo.png Graphic file (type png)
<use Logos/epfl_logo.png>
Package pdftex.def Info: Logos/epfl_logo.png  used on input line 87.
(pdftex.def)             Requested size: 48.81506pt x 14.22636pt.
[8

 <./Sections/../Figures/lovasz_simonovits_graph.png> <./Sections/../Figures/ls_
curve_test.png>]
<Sections/../Figures/LS-curve_convergence.png, id=307, 1154.3125pt x 883.3pt>
File: Sections/../Figures/LS-curve_convergence.png Graphic file (type png)
<use Sections/../Figures/LS-curve_convergence.png>
Package pdftex.def Info: Sections/../Figures/LS-curve_convergence.png  used on 
input line 110.
(pdftex.def)             Requested size: 154.03183pt x 117.86559pt.
File: Logos/epfl_logo.png Graphic file (type png)
<use Logos/epfl_logo.png>
Package pdftex.def Info: Logos/epfl_logo.png  used on input line 110.
(pdftex.def)             Requested size: 48.81506pt x 14.22636pt.
 [9

 <./Sections/../Figures/LS-curve_convergence.png>]
<Sections/../Figures/ls_recursive_upper_bound.png, id=335, 2119.92pt x 967.615p
t>
File: Sections/../Figures/ls_recursive_upper_bound.png Graphic file (type png)
<use Sections/../Figures/ls_recursive_upper_bound.png>
Package pdftex.def Info: Sections/../Figures/ls_recursive_upper_bound.png  used
 on input line 131.
(pdftex.def)             Requested size: 171.14764pt x 78.1047pt.
File: Logos/epfl_logo.png Graphic file (type png)
<use Logos/epfl_logo.png>
Package pdftex.def Info: Logos/epfl_logo.png  used on input line 131.
(pdftex.def)             Requested size: 48.81506pt x 14.22636pt.

[10

 <./Sections/../Figures/ls_recursive_upper_bound.png>]
<Sections/../Figures/leaking_t_0.png, id=364, 790.955pt x 676.5275pt>
File: Sections/../Figures/leaking_t_0.png Graphic file (type png)
<use Sections/../Figures/leaking_t_0.png>
Package pdftex.def Info: Sections/../Figures/leaking_t_0.png  used on input lin
e 155.
(pdftex.def)             Requested size: 112.95807pt x 96.61263pt.

Overfull \hbox (3.65pt too wide) in paragraph at lines 155--155
[][]  
 []

<Sections/../Figures/leaking_t_1.png, id=365, 803.0pt x 686.565pt>
File: Sections/../Figures/leaking_t_1.png Graphic file (type png)
<use Sections/../Figures/leaking_t_1.png>
Package pdftex.def Info: Sections/../Figures/leaking_t_1.png  used on input lin
e 155.
(pdftex.def)             Requested size: 112.95807pt x 96.57939pt.

Overfull \hbox (3.65pt too wide) in paragraph at lines 155--155
[][]  
 []

<Sections/../Figures/leaking_t_2.png, id=366, 798.985pt x 662.475pt>
File: Sections/../Figures/leaking_t_2.png Graphic file (type png)
<use Sections/../Figures/leaking_t_2.png>
Package pdftex.def Info: Sections/../Figures/leaking_t_2.png  used on input lin
e 155.
(pdftex.def)             Requested size: 112.95807pt x 93.65562pt.

Overfull \hbox (3.65pt too wide) in paragraph at lines 155--155
[][]  
 []

File: Logos/epfl_logo.png Graphic file (type png)
<use Logos/epfl_logo.png>
Package pdftex.def Info: Logos/epfl_logo.png  used on input line 155.
(pdftex.def)             Requested size: 48.81506pt x 14.22636pt.
[11

 <./Sections/../Figures/leaking_t_0.png> <./Sections/../Figures/leaking_t_1.png
> <./Sections/../Figures/leaking_t_2.png>]
<Sections/../Figures/leaking_v_bad.png, id=398, 764.8575pt x 604.2575pt>
File: Sections/../Figures/leaking_v_bad.png Graphic file (type png)
<use Sections/../Figures/leaking_v_bad.png>
Package pdftex.def Info: Sections/../Figures/leaking_v_bad.png  used on input l
ine 171.
(pdftex.def)             Requested size: 136.91862pt x 108.16234pt.
File: Logos/epfl_logo.png Graphic file (type png)
<use Logos/epfl_logo.png>
Package pdftex.def Info: Logos/epfl_logo.png  used on input line 171.
(pdftex.def)             Requested size: 48.81506pt x 14.22636pt.
 [12

 <./Sections/../Figures/leaking_v_bad.png>]
<Sections/../Figures/local_clustering_algo_explain.png, id=427, 778.91pt x 698.
61pt>
File: Sections/../Figures/local_clustering_algo_explain.png Graphic file (type 
png)
<use Sections/../Figures/local_clustering_algo_explain.png>
Package pdftex.def Info: Sections/../Figures/local_clustering_algo_explain.png 
 used on input line 191.
(pdftex.def)             Requested size: 136.91862pt x 122.80223pt.
File: Logos/epfl_logo.png Graphic file (type png)
<use Logos/epfl_logo.png>
Package pdftex.def Info: Logos/epfl_logo.png  used on input line 191.
(pdftex.def)             Requested size: 48.81506pt x 14.22636pt.
 [13

 <./Sections/../Figures/local_clustering_algo_explain.png>]
File: Logos/epfl_logo.png Graphic file (type png)
<use Logos/epfl_logo.png>
Package pdftex.def Info: Logos/epfl_logo.png  used on input line 199.
(pdftex.def)             Requested size: 48.81506pt x 14.22636pt.

[14

]) (./Sections/mixing_result.tex
<Sections/../Figures/hypergraph_laplacian_operator.png, id=485, 540.0175pt x 65
2.4375pt>
File: Sections/../Figures/hypergraph_laplacian_operator.png Graphic file (type 
png)
<use Sections/../Figures/hypergraph_laplacian_operator.png>
Package pdftex.def Info: Sections/../Figures/hypergraph_laplacian_operator.png 
 used on input line 20.
(pdftex.def)             Requested size: 82.15201pt x 99.2452pt.
File: Logos/epfl_logo.png Graphic file (type png)
<use Logos/epfl_logo.png>
Package pdftex.def Info: Logos/epfl_logo.png  used on input line 20.
(pdftex.def)             Requested size: 48.81506pt x 14.22636pt.
 [15

 <./Sections/../Figures/hypergraph_laplacian_operator.png>]
File: Logos/epfl_logo.png Graphic file (type png)
<use Logos/epfl_logo.png>
Package pdftex.def Info: Logos/epfl_logo.png  used on input line 27.
(pdftex.def)             Requested size: 48.81506pt x 14.22636pt.
 [16

]
<Sections/../Figures/collapsed_hypergraph.png, id=542, 538.01pt x 656.4525pt>
File: Sections/../Figures/collapsed_hypergraph.png Graphic file (type png)
<use Sections/../Figures/collapsed_hypergraph.png>
Package pdftex.def Info: Sections/../Figures/collapsed_hypergraph.png  used on 
input line 47.
(pdftex.def)             Requested size: 85.57382pt x 104.40349pt.
<Sections/../Figures/collapsed_multigraph.png, id=543, 505.89pt x 640.3925pt>
File: Sections/../Figures/collapsed_multigraph.png Graphic file (type png)
<use Sections/../Figures/collapsed_multigraph.png>
Package pdftex.def Info: Sections/../Figures/collapsed_multigraph.png  used on 
input line 47.
(pdftex.def)             Requested size: 85.57382pt x 108.31807pt.

Overfull \hbox (6.55267pt too wide) detected at line 47
[] [][] $[]$[][][][][][][][] $[]$[][][][][][] 
 []

File: Logos/epfl_logo.png Graphic file (type png)
<use Logos/epfl_logo.png>
Package pdftex.def Info: Logos/epfl_logo.png  used on input line 47.
(pdftex.def)             Requested size: 48.81506pt x 14.22636pt.
[17

 <./Sections/../Figures/collapsed_hypergraph.png> <./Sections/../Figures/collap
sed_multigraph.png>]
File: Logos/epfl_logo.png Graphic file (type png)
<use Logos/epfl_logo.png>
Package pdftex.def Info: Logos/epfl_logo.png  used on input line 55.
(pdftex.def)             Requested size: 48.81506pt x 14.22636pt.
 [18

]
<Sections/../Figures/hyperedge_crossing_sweep_cut_t_dt.png, id=598, 672.5125pt 
x 519.9425pt>
File: Sections/../Figures/hyperedge_crossing_sweep_cut_t_dt.png Graphic file (t
ype png)
<use Sections/../Figures/hyperedge_crossing_sweep_cut_t_dt.png>
Package pdftex.def Info: Sections/../Figures/hyperedge_crossing_sweep_cut_t_dt.
png  used on input line 73.
(pdftex.def)             Requested size: 90.36679pt x 69.86392pt.
<Sections/../Figures/collapsed_edge_crossing_sweep_cut_t_dt.png, id=599, 688.57
25pt x 509.905pt>
File: Sections/../Figures/collapsed_edge_crossing_sweep_cut_t_dt.png Graphic fi
le (type png)
<use Sections/../Figures/collapsed_edge_crossing_sweep_cut_t_dt.png>
Package pdftex.def Info: Sections/../Figures/collapsed_edge_crossing_sweep_cut_
t_dt.png  used on input line 73.
(pdftex.def)             Requested size: 90.36679pt x 66.91241pt.
<Sections/../Figures/collapsed_edge_crossing_sweep_cut_t.png, id=600, 706.64pt 
x 533.995pt>
File: Sections/../Figures/collapsed_edge_crossing_sweep_cut_t.png Graphic file 
(type png)
<use Sections/../Figures/collapsed_edge_crossing_sweep_cut_t.png>
Package pdftex.def Info: Sections/../Figures/collapsed_edge_crossing_sweep_cut_
t.png  used on input line 73.
(pdftex.def)             Requested size: 90.36679pt x 68.28105pt.
<Sections/../Figures/collapsed_edge_crossing_sweep_cut_t_tilde.png, id=601, 664
.4825pt x 505.89pt>
File: Sections/../Figures/collapsed_edge_crossing_sweep_cut_t_tilde.png Graphic
 file (type png)
<use Sections/../Figures/collapsed_edge_crossing_sweep_cut_t_tilde.png>
Package pdftex.def Info: Sections/../Figures/collapsed_edge_crossing_sweep_cut_
t_tilde.png  used on input line 73.
(pdftex.def)             Requested size: 85.57382pt x 65.14275pt.
File: Logos/epfl_logo.png Graphic file (type png)
<use Logos/epfl_logo.png>
Package pdftex.def Info: Logos/epfl_logo.png  used on input line 73.
(pdftex.def)             Requested size: 48.81506pt x 14.22636pt.
 [19

 <./Sections/../Figures/hyperedge_crossing_sweep_cut_t_dt.png> <./Sections/../F
igures/collapsed_edge_crossing_sweep_cut_t_dt.png> <./Sections/../Figures/colla
psed_edge_crossing_sweep_cut_t.png> <./Sections/../Figures/collapsed_edge_cross
ing_sweep_cut_t_tilde.png>]
File: Logos/epfl_logo.png Graphic file (type png)
<use Logos/epfl_logo.png>
Package pdftex.def Info: Logos/epfl_logo.png  used on input line 95.
(pdftex.def)             Requested size: 48.81506pt x 14.22636pt.
 [20

])
(./Sections/discussion.tex
File: Logos/epfl_logo.png Graphic file (type png)
<use Logos/epfl_logo.png>
Package pdftex.def Info: Logos/epfl_logo.png  used on input line 11.
(pdftex.def)             Requested size: 48.81506pt x 14.22636pt.
 [21

]
<Figures/path_graph.png, id=689, 1156.32pt x 160.6pt>
File: Figures/path_graph.png Graphic file (type png)
<use Figures/path_graph.png>
Package pdftex.def Info: Figures/path_graph.png  used on input line 28.
(pdftex.def)             Requested size: 171.14764pt x 23.77039pt.
File: Logos/epfl_logo.png Graphic file (type png)
<use Logos/epfl_logo.png>
Package pdftex.def Info: Logos/epfl_logo.png  used on input line 28.
(pdftex.def)             Requested size: 48.81506pt x 14.22636pt.
 [22

 <./Figures/path_graph.png>]
File: Logos/epfl_logo.png Graphic file (type png)
<use Logos/epfl_logo.png>
Package pdftex.def Info: Logos/epfl_logo.png  used on input line 37.
(pdftex.def)             Requested size: 48.81506pt x 14.22636pt.
 [23

])
(./Sections/experiments.tex
File: Logos/epfl_logo.png Graphic file (type png)
<use Logos/epfl_logo.png>
Package pdftex.def Info: Logos/epfl_logo.png  used on input line 10.
(pdftex.def)             Requested size: 48.81506pt x 14.22636pt.
 [24

]
<Figures/const_cond.png, id=769, 462.528pt x 346.896pt>
File: Figures/const_cond.png Graphic file (type png)
<use Figures/const_cond.png>
Package pdftex.def Info: Figures/const_cond.png  used on input line 25.
(pdftex.def)             Requested size: 154.03183pt x 115.52408pt.
<Figures/const_vol.png, id=770, 462.528pt x 346.896pt>
File: Figures/const_vol.png Graphic file (type png)
<use Figures/const_vol.png>
Package pdftex.def Info: Figures/const_vol.png  used on input line 25.
(pdftex.def)             Requested size: 154.03183pt x 115.52408pt.

Overfull \vbox (2.97757pt too high) detected at line 25
 []

File: Logos/epfl_logo.png Graphic file (type png)
<use Logos/epfl_logo.png>
Package pdftex.def Info: Logos/epfl_logo.png  used on input line 25.
(pdftex.def)             Requested size: 48.81506pt x 14.22636pt.
[25

 <./Figures/const_cond.png> <./Figures/const_vol.png>]
<Figures/mixing_r_uniform_hypergraph.png, id=799, 462.528pt x 346.896pt>
File: Figures/mixing_r_uniform_hypergraph.png Graphic file (type png)
<use Figures/mixing_r_uniform_hypergraph.png>
Package pdftex.def Info: Figures/mixing_r_uniform_hypergraph.png  used on input
 line 34.
(pdftex.def)             Requested size: 205.37926pt x 154.0374pt.
File: Logos/epfl_logo.png Graphic file (type png)
<use Logos/epfl_logo.png>
Package pdftex.def Info: Logos/epfl_logo.png  used on input line 34.
(pdftex.def)             Requested size: 48.81506pt x 14.22636pt.
 [26

 <./Figures/mixing_r_uniform_hypergraph.png>]) (./Sections/conclusion.tex
<Sections/../Figures/leaking_hypergraph.png, id=826, 1003.75pt x 756.8275pt>
File: Sections/../Figures/leaking_hypergraph.png Graphic file (type png)
<use Sections/../Figures/leaking_hypergraph.png>
Package pdftex.def Info: Sections/../Figures/leaking_hypergraph.png  used on in
put line 16.
(pdftex.def)             Requested size: 136.91862pt x 103.22974pt.
File: Logos/epfl_logo.png Graphic file (type png)
<use Logos/epfl_logo.png>
Package pdftex.def Info: Logos/epfl_logo.png  used on input line 16.
(pdftex.def)             Requested size: 48.81506pt x 14.22636pt.
 [27

 <./Sections/../Figures/leaking_hypergraph.png>]
File: Logos/epfl_logo.png Graphic file (type png)
<use Logos/epfl_logo.png>
Package pdftex.def Info: Logos/epfl_logo.png  used on input line 20.
(pdftex.def)             Requested size: 48.81506pt x 14.22636pt.
 [28

])
File: Logos/epfl_logo.png Graphic file (type png)
<use Logos/epfl_logo.png>
Package pdftex.def Info: Logos/epfl_logo.png  used on input line 72.
(pdftex.def)             Requested size: 48.81506pt x 14.22636pt.
 [29

] (./main.bbl)
File: Logos/epfl_logo.png Graphic file (type png)
<use Logos/epfl_logo.png>
Package pdftex.def Info: Logos/epfl_logo.png  used on input line 79.
(pdftex.def)             Requested size: 48.81506pt x 14.22636pt.
 [30

 </usr/share/texlive/texmf-dist/tex/latex/beamer/beamericonarticle.pdf>]
\tf@nav=\write7
\openout7 = `main.nav'.

\tf@toc=\write8
\openout8 = `main.toc'.

\tf@snm=\write9
\openout9 = `main.snm'.

Package atveryend Info: Empty hook `BeforeClearDocument' on input line 82.
Package atveryend Info: Empty hook `AfterLastShipout' on input line 82.
 (./main.aux)
Package atveryend Info: Executing hook `AtVeryEndDocument' on input line 82.
Package atveryend Info: Executing hook `AtEndAfterFileList' on input line 82.
Package rerunfilecheck Info: File `main.out' has not changed.
(rerunfilecheck)             Checksum: 22861AC9ADDB81362DCCDC6E56F14465;276.


LaTeX Font Warning: Some font shapes were not available, defaults substituted.

 ) 
Here is how much of TeX's memory you used:
 23412 strings out of 483183
 460846 string characters out of 5966293
 712603 words of memory out of 5000000
 37770 multiletter control sequences out of 15000+600000
 551292 words of font info for 91 fonts, out of 8000000 for 9000
 14 hyphenation exceptions out of 8191
 54i,15n,69p,798b,957s stack positions out of 5000i,500n,10000p,200000b,80000s
</usr/share/texlive/texmf-dist/fonts/type1/public/amsfonts/cm/cmex10.pfb></us
r/share/texlive/texmf-dist/fonts/type1/public/amsfonts/cm/cmmi10.pfb></usr/shar
e/texlive/texmf-dist/fonts/type1/public/amsfonts/cm/cmmi12.pfb></usr/share/texl
ive/texmf-dist/fonts/type1/public/amsfonts/cm/cmmi6.pfb></usr/share/texlive/tex
mf-dist/fonts/type1/public/amsfonts/cm/cmmi8.pfb></usr/share/texlive/texmf-dist
/fonts/type1/public/amsfonts/cm/cmss10.pfb></usr/share/texlive/texmf-dist/fonts
/type1/public/amsfonts/cm/cmss12.pfb></usr/share/texlive/texmf-dist/fonts/type1
/public/amsfonts/cm/cmss8.pfb></usr/share/texlive/texmf-dist/fonts/type1/public
/amsfonts/cm/cmssi10.pfb></usr/share/texlive/texmf-dist/fonts/type1/public/amsf
onts/cm/cmssi12.pfb></usr/share/texlive/texmf-dist/fonts/type1/public/amsfonts/
cm/cmssi8.pfb></usr/share/texlive/texmf-dist/fonts/type1/public/amsfonts/cm/cms
y10.pfb></usr/share/texlive/texmf-dist/fonts/type1/public/amsfonts/cm/cmsy6.pfb
></usr/share/texlive/texmf-dist/fonts/type1/public/amsfonts/cm/cmsy8.pfb>
Output written on main.pdf (30 pages, 1411379 bytes).
PDF statistics:
 1004 PDF objects out of 1200 (max. 8388607)
 875 compressed objects within 9 object streams
 74 named destinations out of 1000 (max. 500000)
 272 words of extra memory for PDF output out of 10000 (max. 10000000)

