\BOOKMARK [1][-]{section.1}{Introduction}{}% 1
\BOOKMARK [1][-]{section.2}{Background}{}% 2
\BOOKMARK [2][-]{subsection.2.1}{Standard Graphs}{section.2}% 3
\BOOKMARK [2][-]{subsection.2.2}{Hypergraphs}{section.2}% 4
\BOOKMARK [2][-]{subsection.2.3}{Mixing and Lovasz-Simonovits curve}{section.2}% 5
\BOOKMARK [2][-]{subsection.2.4}{Clustering algorithms for graphs}{section.2}% 6
\BOOKMARK [2][-]{subsection.2.5}{Clustering algorithms for hypergraphs}{section.2}% 7
\BOOKMARK [1][-]{section.3}{Mixing in non d-regular hypergraphs}{}% 8
\BOOKMARK [2][-]{subsection.3.1}{Preliminaries}{section.3}% 9
\BOOKMARK [2][-]{subsection.3.2}{Changing Edge Set}{section.3}% 10
\BOOKMARK [2][-]{subsection.3.3}{Lovasz-Simonovits for small time-steps in multigraphs}{section.3}% 11
\BOOKMARK [1][-]{section.4}{Discussion of mixing result}{}% 12
\BOOKMARK [2][-]{subsection.4.1}{Is this result enough for logarithmic mixing time?}{section.4}% 13
\BOOKMARK [3][-]{subsubsection.4.1.1}{Difference with d-regular mixing result}{subsection.4.1}% 14
\BOOKMARK [3][-]{subsubsection.4.1.2}{An example of a multigraph with high conductance and O\(n\) mixing time.}{subsection.4.1}% 15
\BOOKMARK [2][-]{subsection.4.2}{Some solutions}{section.4}% 16
\BOOKMARK [3][-]{subsubsection.4.2.1}{High conductance implies low volume}{subsection.4.2}% 17
\BOOKMARK [3][-]{subsubsection.4.2.2}{We can choose the starting vertex wrt the stationary distribution}{subsection.4.2}% 18
\BOOKMARK [1][-]{section.5}{Experiments}{}% 19
\BOOKMARK [2][-]{subsection.5.1}{Generate a hypergraph with desired conductance}{section.5}% 20
\BOOKMARK [2][-]{subsection.5.2}{Const volume vs const conductance}{section.5}% 21
\BOOKMARK [2][-]{subsection.5.3}{R-uniform family of hypergraphs}{section.5}% 22
\BOOKMARK [1][-]{section.6}{Conclusion and further work}{}% 23
\BOOKMARK [2][-]{subsection.6.1}{Missing leaking result for hypergraphs}{section.6}% 24
